
Copyright (C) 1994-2023 Synopsys, Inc.
This Synopsys software and all associated documentation are proprietary to Synopsys, Inc.
and may only be used pursuant to the terms and conditions of a written license agreement
with Synopsys, Inc. All other use, reproduction, modification, or distribution of the
Synopsys software or the associated documentation is strictly prohibited.
Tool: Synplify Pro (R)
Build: U-2023.03LR-SP1-2
Install: C:\lscc\radiant\2023.2\synpbase
OS: Windows 10 or later
Hostname: MS_DHOLMES

Implementation : LPM_design
Synopsys HDL compiler and linker, Version comp202303synp1, Build 300R, Built Mar  7 2024 08:13:58, @

Modified Files: 12
FID:  path (prevtimestamp, timestamp)
0        C:\Users\david\Documents\Github\LPM_FPGA_Transus-Instruments\LPM_design\source\LPM_design\AGC_mod.vhd (N/A, 2024-07-23 09:45:17)
1        C:\lscc\radiant\2023.2\cae_library\synthesis\vhdl\iCE40UP.vhd (N/A, 2018-08-22 00:34:57)
2        C:\lscc\radiant\2023.2\ip\pmi\pmi_iCE40UP.vhd (N/A, 2022-03-29 09:29:18)
3        C:\lscc\radiant\2023.2\synpbase\lib\vhd\arith.vhd (N/A, 2024-03-09 05:24:52)
4        C:\lscc\radiant\2023.2\synpbase\lib\vhd\hyperents.vhd (N/A, 2024-03-09 05:24:53)
5        C:\lscc\radiant\2023.2\synpbase\lib\vhd\location.map (N/A, 2024-03-09 05:24:53)
6        C:\lscc\radiant\2023.2\synpbase\lib\vhd\numeric.vhd (N/A, 2024-03-09 05:24:53)
7        C:\lscc\radiant\2023.2\synpbase\lib\vhd\snps_haps_pkg.vhd (N/A, 2024-03-09 05:24:53)
8        C:\lscc\radiant\2023.2\synpbase\lib\vhd\std.vhd (N/A, 2024-03-09 05:24:53)
9        C:\lscc\radiant\2023.2\synpbase\lib\vhd\std1164.vhd (N/A, 2024-03-09 05:24:53)
10       C:\lscc\radiant\2023.2\synpbase\lib\vhd\umr_capim.vhd (N/A, 2024-03-09 05:24:53)
11       C:\lscc\radiant\2023.2\synpbase\lib\vhd\unsigned.vhd (N/A, 2024-03-09 05:24:53)

*******************************************************************
Modules that may have changed as a result of file changes: 1
MID:  lib.cell.view
0        work.agc_mod.behavioral may have changed because the following files changed:
                        C:\Users\david\Documents\Github\LPM_FPGA_Transus-Instruments\LPM_design\source\LPM_design\AGC_mod.vhd (N/A, 2024-07-23 09:45:17) <-- (architecture and entity definition)

*******************************************************************
Unmodified files: 0
FID:  path (timestamp)

*******************************************************************
Unchanged modules: 0
MID:  lib.cell.view
